0 install view 1 0,1
0 send multicast 0 within 1
1 install view 1 0,1
1 send multicast 0 within 1
0 deliver multicast 0 from 1 within 1
1 deliver multicast 0 from 0 within 1
1 send multicast 1 within 1
0 send multicast 1 within 1
0 deliver multicast 1 from 1 within 1
1 deliver multicast 1 from 0 within 1
1 send multicast 2 within 1
0 deliver multicast 2 from 1 within 1
0 send multicast 2 within 1
1 deliver multicast 2 from 0 within 1
1 send multicast 3 within 1
0 send multicast 3 within 1
0 deliver multicast 3 from 1 within 1
1 deliver multicast 3 from 0 within 1
1 send multicast 4 within 1
0 send multicast 4 within 1
0 deliver multicast 4 from 1 within 1
1 deliver multicast 4 from 0 within 1
1 send multicast 5 within 1
0 deliver multicast 5 from 1 within 1
0 send multicast 5 within 1
1 deliver multicast 5 from 0 within 1
1 send multicast 6 within 1
0 deliver multicast 6 from 1 within 1
0 send multicast 6 within 1
1 deliver multicast 6 from 0 within 1
1 send multicast 7 within 1
0 deliver multicast 7 from 1 within 1
0 send multicast 7 within 1
1 deliver multicast 7 from 0 within 1
1 send multicast 8 within 1
0 deliver multicast 8 from 1 within 1
0 send multicast 8 within 1
1 deliver multicast 8 from 0 within 1
1 send multicast 9 within 1
0 deliver multicast 9 from 1 within 1
0 send multicast 9 within 1
1 deliver multicast 9 from 0 within 1
1 send multicast 10 within 1
0 deliver multicast 10 from 1 within 1
0 send multicast 10 within 1
1 deliver multicast 10 from 0 within 1
1 send multicast 11 within 1
0 deliver multicast 11 from 1 within 1
0 send multicast 11 within 1
1 deliver multicast 11 from 0 within 1
1 send multicast 12 within 1
0 deliver multicast 12 from 1 within 1
0 send multicast 12 within 1
1 deliver multicast 12 from 0 within 1
1 send multicast 13 within 1
0 deliver multicast 13 from 1 within 1
0 send multicast 13 within 1
1 deliver multicast 13 from 0 within 1
1 send multicast 14 within 1
0 deliver multicast 14 from 1 within 1
0 send multicast 14 within 1
1 deliver multicast 14 from 0 within 1
1 send multicast 15 within 1
0 deliver multicast 15 from 1 within 1
0 send multicast 15 within 1
1 deliver multicast 15 from 0 within 1
1 send multicast 16 within 1
0 deliver multicast 16 from 1 within 1
0 send multicast 16 within 1
1 deliver multicast 16 from 0 within 1
1 send multicast 17 within 1
0 deliver multicast 17 from 1 within 1
0 send multicast 17 within 1
1 deliver multicast 17 from 0 within 1
1 send multicast 18 within 1
0 deliver multicast 18 from 1 within 1
0 send multicast 18 within 1
1 deliver multicast 18 from 0 within 1
1 send multicast 19 within 1
0 deliver multicast 19 from 1 within 1
0 send multicast 19 within 1
1 deliver multicast 19 from 0 within 1
1 send multicast 20 within 1
0 deliver multicast 20 from 1 within 1
0 send multicast 20 within 1
1 deliver multicast 20 from 0 within 1
1 send multicast 21 within 1
0 deliver multicast 21 from 1 within 1
0 send multicast 21 within 1
1 deliver multicast 21 from 0 within 1
1 send multicast 22 within 1
0 deliver multicast 22 from 1 within 1
0 send multicast 22 within 1
1 deliver multicast 22 from 0 within 1
1 send multicast 23 within 1
0 deliver multicast 23 from 1 within 1
0 send multicast 23 within 1
1 deliver multicast 23 from 0 within 1
1 send multicast 24 within 1
0 deliver multicast 24 from 1 within 1
0 send multicast 24 within 1
1 deliver multicast 24 from 0 within 1
